<?xml version="1.0" encoding="UTF-8"?>
<!-- Generated by org.testng.reporters.JUnitReportReporter -->
<testsuite hostname="Rev-RyanSchlientz" name="com.revature.charactertesting.CharacterSearchTest" tests="4" failures="0" timestamp="2 Sep 2020 16:14:23 GMT" time="5.785" errors="0">
  <testcase name="characterExists" time="1.026" classname="com.revature.charactertesting.CharacterSearchTest"/>
  <testcase name="characterExists" time="1.984" classname="com.revature.charactertesting.CharacterSearchTest"/>
  <testcase name="characterExists" time="1.785" classname="com.revature.charactertesting.CharacterSearchTest"/>
  <testcase name="characterExists" time="0.990" classname="com.revature.charactertesting.CharacterSearchTest"/>
</testsuite> <!-- com.revature.charactertesting.CharacterSearchTest -->
