<?xml version="1.0" encoding="UTF-8"?>
<!-- Generated by org.testng.reporters.JUnitReportReporter -->
<testsuite hostname="Rev-RyanSchlientz" name="com.revature.worktests.WorkTest" tests="5" failures="0" timestamp="2 Sep 2020 15:36:50 GMT" time="0.033" errors="0">
  <testcase name="loginWorks" time="0.002" classname="com.revature.worktests.WorkTest"/>
  <testcase name="sumEmptyArray" time="0.002" classname="com.revature.worktests.WorkTest"/>
  <testcase name="sumArrayWorks" time="0.001" classname="com.revature.worktests.WorkTest"/>
  <testcase name="sumNullArray" time="0.001" classname="com.revature.worktests.WorkTest"/>
  <testcase name="loginFails" time="0.027" classname="com.revature.worktests.WorkTest"/>
</testsuite> <!-- com.revature.worktests.WorkTest -->
