<?xml version="1.0" encoding="UTF-8"?>
<!-- Generated by org.testng.reporters.JUnitReportReporter -->
<testsuite hostname="Rev-RyanSchlientz" name="com.revature.charactertesting.CharacterSearchFirefoxTest" tests="4" failures="0" timestamp="2 Sep 2020 16:14:23 GMT" time="6.140" errors="0">
  <testcase name="characterExists" time="1.669" classname="com.revature.charactertesting.CharacterSearchFirefoxTest"/>
  <testcase name="characterExists" time="1.332" classname="com.revature.charactertesting.CharacterSearchFirefoxTest"/>
  <testcase name="characterExists" time="1.436" classname="com.revature.charactertesting.CharacterSearchFirefoxTest"/>
  <testcase name="characterExists" time="1.703" classname="com.revature.charactertesting.CharacterSearchFirefoxTest"/>
</testsuite> <!-- com.revature.charactertesting.CharacterSearchFirefoxTest -->
