<?xml version="1.0" encoding="UTF-8"?>
<!-- Generated by org.testng.reporters.JUnitXMLReporter -->
<testsuite hostname="Rev-RyanSchlientz" name="Default test" tests="4" failures="0" timestamp="2 Sep 2020 16:09:04 GMT" time="6.031" errors="0">
  <testcase name="characterExists" time="1.181" classname="com.revature.charactertesting.CharacterSearchFirefoxTest"/>
  <testcase name="characterExists" time="1.096" classname="com.revature.charactertesting.CharacterSearchFirefoxTest"/>
  <testcase name="characterExists" time="1.116" classname="com.revature.charactertesting.CharacterSearchFirefoxTest"/>
  <testcase name="characterExists" time="1.087" classname="com.revature.charactertesting.CharacterSearchFirefoxTest"/>
</testsuite> <!-- Default test -->
