<?xml version="1.0" encoding="UTF-8"?>
<!-- Generated by org.testng.reporters.JUnitReportReporter -->
<testsuite hostname="Rev-RyanSchlientz" name="com.revature.charactertesting.CharacterSearchFirefoxTest" tests="4" failures="0" timestamp="2 Sep 2020 16:21:39 GMT" time="5.994" errors="0">
  <testcase name="characterExists" time="1.375" classname="com.revature.charactertesting.CharacterSearchFirefoxTest"/>
  <testcase name="characterExists" time="1.840" classname="com.revature.charactertesting.CharacterSearchFirefoxTest"/>
  <testcase name="characterExists" time="1.307" classname="com.revature.charactertesting.CharacterSearchFirefoxTest"/>
  <testcase name="characterExists" time="1.472" classname="com.revature.charactertesting.CharacterSearchFirefoxTest"/>
</testsuite> <!-- com.revature.charactertesting.CharacterSearchFirefoxTest -->
