<?xml version="1.0" encoding="UTF-8"?>
<!-- Generated by org.testng.reporters.JUnitReportReporter -->
<testsuite hostname="Rev-RyanSchlientz" name="com.revature.charactertesting.CharacterSearchTest" tests="4" failures="0" timestamp="2 Sep 2020 16:21:39 GMT" time="9.383" errors="0">
  <testcase name="characterExists" time="1.960" classname="com.revature.charactertesting.CharacterSearchTest"/>
  <testcase name="characterExists" time="2.471" classname="com.revature.charactertesting.CharacterSearchTest"/>
  <testcase name="characterExists" time="1.956" classname="com.revature.charactertesting.CharacterSearchTest"/>
  <testcase name="characterExists" time="2.996" classname="com.revature.charactertesting.CharacterSearchTest"/>
</testsuite> <!-- com.revature.charactertesting.CharacterSearchTest -->
