<?xml version="1.0" encoding="UTF-8"?>
<!-- Generated by org.testng.reporters.JUnitXMLReporter -->
<testsuite hostname="Rev-RyanSchlientz" name="SSBU Character Tests" tests="8" failures="0" timestamp="2 Sep 2020 16:14:21 GMT" time="11.96" errors="0">
  <testcase name="characterExists" time="1.519" classname="com.revature.charactertesting.CharacterSearchTest"/>
  <testcase name="characterExists" time="0.755" classname="com.revature.charactertesting.CharacterSearchTest"/>
  <testcase name="characterExists" time="0.811" classname="com.revature.charactertesting.CharacterSearchTest"/>
  <testcase name="characterExists" time="0.789" classname="com.revature.charactertesting.CharacterSearchTest"/>
  <testcase name="characterExists" time="1.148" classname="com.revature.charactertesting.CharacterSearchFirefoxTest"/>
  <testcase name="characterExists" time="1.09" classname="com.revature.charactertesting.CharacterSearchFirefoxTest"/>
  <testcase name="characterExists" time="1.085" classname="com.revature.charactertesting.CharacterSearchFirefoxTest"/>
  <testcase name="characterExists" time="1.115" classname="com.revature.charactertesting.CharacterSearchFirefoxTest"/>
</testsuite> <!-- SSBU Character Tests -->
