<?xml version="1.0" encoding="UTF-8"?>
<!-- Generated by org.testng.reporters.JUnitXMLReporter -->
<testsuite hostname="Rev-RyanSchlientz" name="SSBU Character Tests" tests="8" failures="0" timestamp="2 Sep 2020 16:21:09 GMT" time="9.412" errors="0">
  <testcase name="characterExists" time="1.158" classname="com.revature.charactertesting.CharacterSearchFirefoxTest"/>
  <testcase name="characterExists" time="1.058" classname="com.revature.charactertesting.CharacterSearchFirefoxTest"/>
  <testcase name="characterExists" time="2.264" classname="com.revature.charactertesting.CharacterSearchTest"/>
  <testcase name="characterExists" time="1.083" classname="com.revature.charactertesting.CharacterSearchFirefoxTest"/>
  <testcase name="characterExists" time="1.722" classname="com.revature.charactertesting.CharacterSearchTest"/>
  <testcase name="characterExists" time="1.062" classname="com.revature.charactertesting.CharacterSearchFirefoxTest"/>
  <testcase name="characterExists" time="1.606" classname="com.revature.charactertesting.CharacterSearchTest"/>
  <testcase name="characterExists" time="1.732" classname="com.revature.charactertesting.CharacterSearchTest"/>
</testsuite> <!-- SSBU Character Tests -->
