<!DOCTYPE html PUBLIC "-//W3C//DTD XHTML 1.1//EN" "http://www.w3.org/TR/xhtml11/DTD/xhtml11.dtd">
<html xmlns="http://www.w3.org/1999/xhtml"><head><title>TestNG Report</title><style type="text/css">table {margin-bottom:10px;border-collapse:collapse;empty-cells:show}th,td {border:1px solid #009;padding:.25em .5em}th {vertical-align:bottom}td {vertical-align:top}table a {font-weight:bold}.stripe td {background-color: #E6EBF9}.num {text-align:right}.passedodd td {background-color: #3F3}.passedeven td {background-color: #0A0}.skippedodd td {background-color: #DDD}.skippedeven td {background-color: #CCC}.failedodd td,.attn {background-color: #F33}.failedeven td,.stripe .attn {background-color: #D00}.stacktrace {white-space:pre;font-family:monospace}.totop {font-size:85%;text-align:center;border-bottom:2px solid #000}</style></head><body><table><tr><th>Test</th><th># Passed</th><th># Skipped</th><th># Failed</th><th>Time (ms)</th><th>Included Groups</th><th>Excluded Groups</th></tr><tr><th colspan="7">Wiki Main Page Tests</th></tr><tr><td><a href="#t0">SSBU Character Tests</a></td><td class="num">8</td><td class="num">0</td><td class="num">0</td><td class="num">9,412</td><td></td><td></td></tr><tr class="stripe"><td><a href="#t1">Cucumber Tests</a></td><td class="num">1</td><td class="num">0</td><td class="num attn">1</td><td class="num">26,071</td><td></td><td></td></tr><tr><th>Total</th><th class="num">9</th><th class="num">0</th><th class="num attn">1</th><th class="num">35,483</th><th colspan="2"></th></tr></table><table><thead><tr><th>Class</th><th>Method</th><th>Start</th><th>Time (ms)</th></tr></thead><tbody><tr><th colspan="4">Wiki Main Page Tests</th></tr></tbody><tbody id="t0"><tr><th colspan="4">SSBU Character Tests &#8212; passed</th></tr><tr class="passedeven"><td rowspan="4">com.revature.charactertesting.CharacterSearchFirefoxTest</td><td><a href="#m0">characterExists</a></td><td rowspan="4">1599063661208</td><td rowspan="4">1158</td></tr><tr class="passedeven"><td><a href="#m1">characterExists</a></td></tr><tr class="passedeven"><td><a href="#m2">characterExists</a></td></tr><tr class="passedeven"><td><a href="#m3">characterExists</a></td></tr><tr class="passedodd"><td rowspan="4">com.revature.charactertesting.CharacterSearchTest</td><td><a href="#m4">characterExists</a></td><td rowspan="4">1599063668084</td><td rowspan="4">1732</td></tr><tr class="passedodd"><td><a href="#m5">characterExists</a></td></tr><tr class="passedodd"><td><a href="#m6">characterExists</a></td></tr><tr class="passedodd"><td><a href="#m7">characterExists</a></td></tr></tbody><tbody id="t1"><tr><th colspan="4">Cucumber Tests &#8212; failed</th></tr><tr class="failedeven"><td rowspan="1">com.revature.behaviortests.TestRunner</td><td><a href="#m8">feature</a></td><td rowspan="1">1599063670460</td><td rowspan="1">12047</td></tr><tr><th colspan="4">Cucumber Tests &#8212; passed</th></tr><tr class="passedeven"><td rowspan="1">com.revature.behaviortests.TestRunner</td><td><a href="#m9">feature</a></td><td rowspan="1">1599063682511</td><td rowspan="1">13404</td></tr></tbody></table><h2>SSBU Character Tests</h2><h3 id="m0">com.revature.charactertesting.CharacterSearchFirefoxTest#characterExists</h3><table class="result"><tr class="param"><th>Parameter #1</th><th>Parameter #2</th></tr><tr class="param stripe"><td>Luigi</td><td>Luigi</td></tr></table><p class="totop"><a href="#summary">back to summary</a></p><h3 id="m1">com.revature.charactertesting.CharacterSearchFirefoxTest#characterExists</h3><table class="result"><tr class="param"><th>Parameter #1</th><th>Parameter #2</th></tr><tr class="param stripe"><td>Ganondorf</td><td>Ganon</td></tr></table><p class="totop"><a href="#summary">back to summary</a></p><h3 id="m2">com.revature.charactertesting.CharacterSearchFirefoxTest#characterExists</h3><table class="result"><tr class="param"><th>Parameter #1</th><th>Parameter #2</th></tr><tr class="param stripe"><td>Waluigi</td><td>Waluigi</td></tr></table><p class="totop"><a href="#summary">back to summary</a></p><h3 id="m3">com.revature.charactertesting.CharacterSearchFirefoxTest#characterExists</h3><table class="result"><tr class="param"><th>Parameter #1</th><th>Parameter #2</th></tr><tr class="param stripe"><td>Wario</td><td>Wario</td></tr></table><p class="totop"><a href="#summary">back to summary</a></p><h3 id="m4">com.revature.charactertesting.CharacterSearchTest#characterExists</h3><table class="result"><tr class="param"><th>Parameter #1</th><th>Parameter #2</th></tr><tr class="param stripe"><td>Ganondorf</td><td>Ganon</td></tr></table><p class="totop"><a href="#summary">back to summary</a></p><h3 id="m5">com.revature.charactertesting.CharacterSearchTest#characterExists</h3><table class="result"><tr class="param"><th>Parameter #1</th><th>Parameter #2</th></tr><tr class="param stripe"><td>Luigi</td><td>Luigi</td></tr></table><p class="totop"><a href="#summary">back to summary</a></p><h3 id="m6">com.revature.charactertesting.CharacterSearchTest#characterExists</h3><table class="result"><tr class="param"><th>Parameter #1</th><th>Parameter #2</th></tr><tr class="param stripe"><td>Wario</td><td>Wario</td></tr></table><p class="totop"><a href="#summary">back to summary</a></p><h3 id="m7">com.revature.charactertesting.CharacterSearchTest#characterExists</h3><table class="result"><tr class="param"><th>Parameter #1</th><th>Parameter #2</th></tr><tr class="param stripe"><td>Waluigi</td><td>Waluigi</td></tr></table><p class="totop"><a href="#summary">back to summary</a></p><h2>Cucumber Tests</h2><h3 id="m8">com.revature.behaviortests.TestRunner#feature</h3><table class="result"><tr class="param"><th>Parameter #1</th></tr><tr class="param stripe"><td>Wikipedia supports many languages</td></tr><tr><th>Exception</th></tr><tr><td><div class="stacktrace">cucumber.runtime.CucumberException: org.openqa.selenium.NoSuchElementException: no such element: Unable to locate element: {&quot;method&quot;:&quot;xpath&quot;,&quot;selector&quot;:&quot;//*[@id=&quot;www-wikipedia-org&quot;]/div[1]/div[6]&quot;}
  (Session info: chrome=85.0.4183.83)
For documentation on this error, please visit: http://seleniumhq.org/exceptions/no_such_element.html
Build info: version: &apos;3.8.1&apos;, revision: &apos;6e95a6684b&apos;, time: &apos;2017-12-01T18:33:54.468Z&apos;
System info: host: &apos;REV-RYANSCHLIEN&apos;, ip: &apos;10.1.10.167&apos;, os.name: &apos;Windows 10&apos;, os.arch: &apos;amd64&apos;, os.version: &apos;10.0&apos;, java.version: &apos;1.8.0_241&apos;
Driver info: org.openqa.selenium.chrome.ChromeDriver
Capabilities {acceptInsecureCerts: false, browserName: chrome, browserVersion: 85.0.4183.83, chrome: {chromedriverVersion: 84.0.4147.30 (48b3e868b4cc0..., userDataDir: C:\Users\Revature\AppData\L...}, goog:chromeOptions: {debuggerAddress: localhost:54266}, javascriptEnabled: true, networkConnectionEnabled: false, pageLoadStrategy: normal, platform: WINDOWS, platformName: WINDOWS, proxy: Proxy(), setWindowRect: true, strictFileInteractability: false, timeouts: {implicit: 0, pageLoad: 300000, script: 30000}, unhandledPromptBehavior: dismiss and notify, webauthn:virtualAuthenticators: true}
Session ID: 5e4af227d799cbb86ae55667c4c26db7
*** Element info: {Using=xpath, value=//*[@id=&quot;www-wikipedia-org&quot;]/div[1]/div[6]}
	at cucumber.api.testng.TestNGCucumberRunner.runCucumber(TestNGCucumberRunner.java:69)
	at cucumber.api.testng.AbstractTestNGCucumberTests.feature(AbstractTestNGCucumberTests.java:21)
Caused by: org.openqa.selenium.NoSuchElementException: no such element: Unable to locate element: {&quot;method&quot;:&quot;xpath&quot;,&quot;selector&quot;:&quot;//*[@id=&quot;www-wikipedia-org&quot;]/div[1]/div[6]&quot;}
  (Session info: chrome=85.0.4183.83)
For documentation on this error, please visit: http://seleniumhq.org/exceptions/no_such_element.html
Build info: version: &apos;3.8.1&apos;, revision: &apos;6e95a6684b&apos;, time: &apos;2017-12-01T18:33:54.468Z&apos;
System info: host: &apos;REV-RYANSCHLIEN&apos;, ip: &apos;10.1.10.167&apos;, os.name: &apos;Windows 10&apos;, os.arch: &apos;amd64&apos;, os.version: &apos;10.0&apos;, java.version: &apos;1.8.0_241&apos;
Driver info: org.openqa.selenium.chrome.ChromeDriver
Capabilities {acceptInsecureCerts: false, browserName: chrome, browserVersion: 85.0.4183.83, chrome: {chromedriverVersion: 84.0.4147.30 (48b3e868b4cc0..., userDataDir: C:\Users\Revature\AppData\L...}, goog:chromeOptions: {debuggerAddress: localhost:54266}, javascriptEnabled: true, networkConnectionEnabled: false, pageLoadStrategy: normal, platform: WINDOWS, platformName: WINDOWS, proxy: Proxy(), setWindowRect: true, strictFileInteractability: false, timeouts: {implicit: 0, pageLoad: 300000, script: 30000}, unhandledPromptBehavior: dismiss and notify, webauthn:virtualAuthenticators: true}
Session ID: 5e4af227d799cbb86ae55667c4c26db7
*** Element info: {Using=xpath, value=//*[@id=&quot;www-wikipedia-org&quot;]/div[1]/div[6]}
	at org.openqa.selenium.remote.http.W3CHttpResponseCodec.createException(W3CHttpResponseCodec.java:187)
	at org.openqa.selenium.remote.http.W3CHttpResponseCodec.decode(W3CHttpResponseCodec.java:122)
	at org.openqa.selenium.remote.http.W3CHttpResponseCodec.decode(W3CHttpResponseCodec.java:49)
	at org.openqa.selenium.remote.HttpCommandExecutor.execute(HttpCommandExecutor.java:164)
	at org.openqa.selenium.remote.service.DriverCommandExecutor.execute(DriverCommandExecutor.java:83)
	at org.openqa.selenium.remote.RemoteWebDriver.execute(RemoteWebDriver.java:601)
	at org.openqa.selenium.remote.RemoteWebDriver.findElement(RemoteWebDriver.java:371)
	at org.openqa.selenium.remote.RemoteWebDriver.findElementByXPath(RemoteWebDriver.java:473)
	at org.openqa.selenium.By$ByXPath.findElement(By.java:361)
	at org.openqa.selenium.remote.RemoteWebDriver.findElement(RemoteWebDriver.java:363)
	at com.revature.pages.WikiMain2.getFrench(WikiMain2.java:28)
	at com.revature.behaviortests.WikiLangStepImpl.i_click_on_French(WikiLangStepImpl.java:43)
	at ?.When I click on French(src/test/resources/WikiLang.feature:13)
... Removed 28 stack frames</div></td></tr></table><p class="totop"><a href="#summary">back to summary</a></p><h3 id="m9">com.revature.behaviortests.TestRunner#feature</h3><table class="result"><tr class="param"><th>Parameter #1</th></tr><tr class="param stripe"><td>Searching of Wikipedia</td></tr></table><p class="totop"><a href="#summary">back to summary</a></p></body></html>