<?xml version="1.0" encoding="UTF-8"?>
<testng-results skipped="0" failed="1" total="10" passed="9">
  <reporter-output>
  </reporter-output>
  <suite name="Wiki Main Page Tests" duration-ms="35516" started-at="2020-09-02T16:21:00Z" finished-at="2020-09-02T16:21:35Z">
    <groups>
      <group name="cucumber">
        <method signature="AbstractTestNGCucumberTests.feature(cucumber.api.testng.CucumberFeatureWrapper)[pri:0, instance:com.revature.behaviortests.TestRunner@39c0f4a]" name="feature" class="cucumber.api.testng.AbstractTestNGCucumberTests"/>
      </group> <!-- cucumber -->
    </groups>
    <test name="SSBU Character Tests" duration-ms="9412" started-at="2020-09-02T16:21:00Z" finished-at="2020-09-02T16:21:09Z">
      <class name="com.revature.charactertesting.CharacterSearchTest">
        <test-method status="PASS" signature="before()[pri:0, instance:com.revature.charactertesting.CharacterSearchTest@724af044]" name="before" is-config="true" duration-ms="1390" started-at="2020-09-02T12:21:00Z" finished-at="2020-09-02T12:21:01Z">
          <reporter-output>
          </reporter-output>
        </test-method> <!-- before -->
        <test-method status="PASS" signature="characterExists(java.lang.String, java.lang.String)[pri:0, instance:com.revature.charactertesting.CharacterSearchTest@724af044]" name="characterExists" duration-ms="2264" started-at="2020-09-02T12:21:01Z" data-provider="characters" finished-at="2020-09-02T12:21:04Z">
          <params>
            <param index="0">
              <value>
                <![CDATA[Luigi]]>
              </value>
            </param>
            <param index="1">
              <value>
                <![CDATA[Luigi]]>
              </value>
            </param>
          </params>
          <reporter-output>
          </reporter-output>
        </test-method> <!-- characterExists -->
        <test-method status="PASS" signature="before()[pri:0, instance:com.revature.charactertesting.CharacterSearchTest@724af044]" name="before" is-config="true" duration-ms="234" started-at="2020-09-02T12:21:04Z" finished-at="2020-09-02T12:21:04Z">
          <reporter-output>
          </reporter-output>
        </test-method> <!-- before -->
        <test-method status="PASS" signature="characterExists(java.lang.String, java.lang.String)[pri:0, instance:com.revature.charactertesting.CharacterSearchTest@724af044]" name="characterExists" duration-ms="1722" started-at="2020-09-02T12:21:04Z" data-provider="characters" finished-at="2020-09-02T12:21:06Z">
          <params>
            <param index="0">
              <value>
                <![CDATA[Wario]]>
              </value>
            </param>
            <param index="1">
              <value>
                <![CDATA[Wario]]>
              </value>
            </param>
          </params>
          <reporter-output>
          </reporter-output>
        </test-method> <!-- characterExists -->
        <test-method status="PASS" signature="before()[pri:0, instance:com.revature.charactertesting.CharacterSearchTest@724af044]" name="before" is-config="true" duration-ms="228" started-at="2020-09-02T12:21:06Z" finished-at="2020-09-02T12:21:06Z">
          <reporter-output>
          </reporter-output>
        </test-method> <!-- before -->
        <test-method status="PASS" signature="characterExists(java.lang.String, java.lang.String)[pri:0, instance:com.revature.charactertesting.CharacterSearchTest@724af044]" name="characterExists" duration-ms="1606" started-at="2020-09-02T12:21:06Z" data-provider="characters" finished-at="2020-09-02T12:21:07Z">
          <params>
            <param index="0">
              <value>
                <![CDATA[Waluigi]]>
              </value>
            </param>
            <param index="1">
              <value>
                <![CDATA[Waluigi]]>
              </value>
            </param>
          </params>
          <reporter-output>
          </reporter-output>
        </test-method> <!-- characterExists -->
        <test-method status="PASS" signature="before()[pri:0, instance:com.revature.charactertesting.CharacterSearchTest@724af044]" name="before" is-config="true" duration-ms="207" started-at="2020-09-02T12:21:07Z" finished-at="2020-09-02T12:21:08Z">
          <reporter-output>
          </reporter-output>
        </test-method> <!-- before -->
        <test-method status="PASS" signature="characterExists(java.lang.String, java.lang.String)[pri:0, instance:com.revature.charactertesting.CharacterSearchTest@724af044]" name="characterExists" duration-ms="1732" started-at="2020-09-02T12:21:08Z" data-provider="characters" finished-at="2020-09-02T12:21:09Z">
          <params>
            <param index="0">
              <value>
                <![CDATA[Ganondorf]]>
              </value>
            </param>
            <param index="1">
              <value>
                <![CDATA[Ganon]]>
              </value>
            </param>
          </params>
          <reporter-output>
          </reporter-output>
        </test-method> <!-- characterExists -->
      </class> <!-- com.revature.charactertesting.CharacterSearchTest -->
      <class name="com.revature.charactertesting.CharacterSearchFirefoxTest">
        <test-method status="PASS" signature="before()[pri:0, instance:com.revature.charactertesting.CharacterSearchFirefoxTest@4678c730]" name="before" is-config="true" duration-ms="778" started-at="2020-09-02T12:21:00Z" finished-at="2020-09-02T12:21:01Z">
          <reporter-output>
          </reporter-output>
        </test-method> <!-- before -->
        <test-method status="PASS" signature="characterExists(java.lang.String, java.lang.String)[pri:0, instance:com.revature.charactertesting.CharacterSearchFirefoxTest@4678c730]" name="characterExists" duration-ms="1158" started-at="2020-09-02T12:21:01Z" data-provider="characters" finished-at="2020-09-02T12:21:02Z">
          <params>
            <param index="0">
              <value>
                <![CDATA[Luigi]]>
              </value>
            </param>
            <param index="1">
              <value>
                <![CDATA[Luigi]]>
              </value>
            </param>
          </params>
          <reporter-output>
          </reporter-output>
        </test-method> <!-- characterExists -->
        <test-method status="PASS" signature="before()[pri:0, instance:com.revature.charactertesting.CharacterSearchFirefoxTest@4678c730]" name="before" is-config="true" duration-ms="414" started-at="2020-09-02T12:21:02Z" finished-at="2020-09-02T12:21:02Z">
          <reporter-output>
          </reporter-output>
        </test-method> <!-- before -->
        <test-method status="PASS" signature="characterExists(java.lang.String, java.lang.String)[pri:0, instance:com.revature.charactertesting.CharacterSearchFirefoxTest@4678c730]" name="characterExists" duration-ms="1058" started-at="2020-09-02T12:21:02Z" data-provider="characters" finished-at="2020-09-02T12:21:03Z">
          <params>
            <param index="0">
              <value>
                <![CDATA[Wario]]>
              </value>
            </param>
            <param index="1">
              <value>
                <![CDATA[Wario]]>
              </value>
            </param>
          </params>
          <reporter-output>
          </reporter-output>
        </test-method> <!-- characterExists -->
        <test-method status="PASS" signature="before()[pri:0, instance:com.revature.charactertesting.CharacterSearchFirefoxTest@4678c730]" name="before" is-config="true" duration-ms="224" started-at="2020-09-02T12:21:03Z" finished-at="2020-09-02T12:21:04Z">
          <reporter-output>
          </reporter-output>
        </test-method> <!-- before -->
        <test-method status="PASS" signature="characterExists(java.lang.String, java.lang.String)[pri:0, instance:com.revature.charactertesting.CharacterSearchFirefoxTest@4678c730]" name="characterExists" duration-ms="1083" started-at="2020-09-02T12:21:04Z" data-provider="characters" finished-at="2020-09-02T12:21:05Z">
          <params>
            <param index="0">
              <value>
                <![CDATA[Waluigi]]>
              </value>
            </param>
            <param index="1">
              <value>
                <![CDATA[Waluigi]]>
              </value>
            </param>
          </params>
          <reporter-output>
          </reporter-output>
        </test-method> <!-- characterExists -->
        <test-method status="PASS" signature="before()[pri:0, instance:com.revature.charactertesting.CharacterSearchFirefoxTest@4678c730]" name="before" is-config="true" duration-ms="217" started-at="2020-09-02T12:21:05Z" finished-at="2020-09-02T12:21:05Z">
          <reporter-output>
          </reporter-output>
        </test-method> <!-- before -->
        <test-method status="PASS" signature="characterExists(java.lang.String, java.lang.String)[pri:0, instance:com.revature.charactertesting.CharacterSearchFirefoxTest@4678c730]" name="characterExists" duration-ms="1062" started-at="2020-09-02T12:21:05Z" data-provider="characters" finished-at="2020-09-02T12:21:06Z">
          <params>
            <param index="0">
              <value>
                <![CDATA[Ganondorf]]>
              </value>
            </param>
            <param index="1">
              <value>
                <![CDATA[Ganon]]>
              </value>
            </param>
          </params>
          <reporter-output>
          </reporter-output>
        </test-method> <!-- characterExists -->
      </class> <!-- com.revature.charactertesting.CharacterSearchFirefoxTest -->
    </test> <!-- SSBU Character Tests -->
    <test name="Cucumber Tests" duration-ms="26071" started-at="2020-09-02T16:21:09Z" finished-at="2020-09-02T16:21:35Z">
      <class name="com.revature.charactertesting.CharacterSearchFirefoxTest">
        <test-method status="PASS" signature="setUp()[pri:0, instance:com.revature.charactertesting.CharacterSearchFirefoxTest@4678c730]" name="setUp" is-config="true" duration-ms="7627" started-at="2020-09-02T12:20:49Z" finished-at="2020-09-02T12:20:56Z">
          <reporter-output>
          </reporter-output>
        </test-method> <!-- setUp -->
        <test-method status="PASS" signature="setUp()[pri:0, instance:com.revature.charactertesting.CharacterSearchTest@724af044]" name="setUp" is-config="true" duration-ms="3561" started-at="2020-09-02T12:20:56Z" finished-at="2020-09-02T12:21:00Z">
          <reporter-output>
          </reporter-output>
        </test-method> <!-- setUp -->
        <test-method status="PASS" signature="tearDown()[pri:0, instance:com.revature.charactertesting.CharacterSearchFirefoxTest@4678c730]" name="tearDown" is-config="true" duration-ms="1189" started-at="2020-09-02T12:21:35Z" finished-at="2020-09-02T12:21:37Z">
          <reporter-output>
          </reporter-output>
        </test-method> <!-- tearDown -->
        <test-method status="PASS" signature="tearDown()[pri:0, instance:com.revature.charactertesting.CharacterSearchTest@724af044]" name="tearDown" is-config="true" duration-ms="735" started-at="2020-09-02T12:21:37Z" finished-at="2020-09-02T12:21:37Z">
          <reporter-output>
          </reporter-output>
        </test-method> <!-- tearDown -->
        <test-method status="PASS" signature="tearDown()[pri:0, instance:com.revature.behaviortests.TestRunner@39c0f4a]" name="tearDown" is-config="true" duration-ms="1525" started-at="2020-09-02T12:21:37Z" finished-at="2020-09-02T12:21:39Z">
          <reporter-output>
          </reporter-output>
        </test-method> <!-- tearDown -->
      </class> <!-- com.revature.charactertesting.CharacterSearchFirefoxTest -->
      <class name="com.revature.behaviortests.TestRunner">
        <test-method status="PASS" signature="setUpClass()[pri:0, instance:com.revature.behaviortests.TestRunner@39c0f4a]" name="setUpClass" is-config="true" duration-ms="469" started-at="2020-09-02T12:21:09Z" finished-at="2020-09-02T12:21:10Z">
          <reporter-output>
          </reporter-output>
        </test-method> <!-- setUpClass -->
        <test-method status="FAIL" signature="feature(cucumber.api.testng.CucumberFeatureWrapper)[pri:0, instance:com.revature.behaviortests.TestRunner@39c0f4a]" name="feature" duration-ms="12047" started-at="2020-09-02T12:21:10Z" description="Runs Cucumber Feature" data-provider="features" finished-at="2020-09-02T12:21:22Z">
          <params>
            <param index="0">
              <value>
                <![CDATA[Wikipedia supports many languages]]>
              </value>
            </param>
          </params>
          <exception class="cucumber.runtime.CucumberException">
            <message>
              <![CDATA[org.openqa.selenium.NoSuchElementException: no such element: Unable to locate element: {"method":"xpath","selector":"//*[@id="www-wikipedia-org"]/div[1]/div[6]"}
  (Session info: chrome=85.0.4183.83)
For documentation on this error, please visit: http://seleniumhq.org/exceptions/no_such_element.html
Build info: version: '3.8.1', revision: '6e95a6684b', time: '2017-12-01T18:33:54.468Z'
System info: host: 'REV-RYANSCHLIEN', ip: '10.1.10.167', os.name: 'Windows 10', os.arch: 'amd64', os.version: '10.0', java.version: '1.8.0_241'
Driver info: org.openqa.selenium.chrome.ChromeDriver
Capabilities {acceptInsecureCerts: false, browserName: chrome, browserVersion: 85.0.4183.83, chrome: {chromedriverVersion: 84.0.4147.30 (48b3e868b4cc0..., userDataDir: C:\Users\Revature\AppData\L...}, goog:chromeOptions: {debuggerAddress: localhost:54266}, javascriptEnabled: true, networkConnectionEnabled: false, pageLoadStrategy: normal, platform: WINDOWS, platformName: WINDOWS, proxy: Proxy(), setWindowRect: true, strictFileInteractability: false, timeouts: {implicit: 0, pageLoad: 300000, script: 30000}, unhandledPromptBehavior: dismiss and notify, webauthn:virtualAuthenticators: true}
Session ID: 5e4af227d799cbb86ae55667c4c26db7
*** Element info: {Using=xpath, value=//*[@id="www-wikipedia-org"]/div[1]/div[6]}]]>
            </message>
            <full-stacktrace>
              <![CDATA[cucumber.runtime.CucumberException: org.openqa.selenium.NoSuchElementException: no such element: Unable to locate element: {"method":"xpath","selector":"//*[@id="www-wikipedia-org"]/div[1]/div[6]"}
  (Session info: chrome=85.0.4183.83)
For documentation on this error, please visit: http://seleniumhq.org/exceptions/no_such_element.html
Build info: version: '3.8.1', revision: '6e95a6684b', time: '2017-12-01T18:33:54.468Z'
System info: host: 'REV-RYANSCHLIEN', ip: '10.1.10.167', os.name: 'Windows 10', os.arch: 'amd64', os.version: '10.0', java.version: '1.8.0_241'
Driver info: org.openqa.selenium.chrome.ChromeDriver
Capabilities {acceptInsecureCerts: false, browserName: chrome, browserVersion: 85.0.4183.83, chrome: {chromedriverVersion: 84.0.4147.30 (48b3e868b4cc0..., userDataDir: C:\Users\Revature\AppData\L...}, goog:chromeOptions: {debuggerAddress: localhost:54266}, javascriptEnabled: true, networkConnectionEnabled: false, pageLoadStrategy: normal, platform: WINDOWS, platformName: WINDOWS, proxy: Proxy(), setWindowRect: true, strictFileInteractability: false, timeouts: {implicit: 0, pageLoad: 300000, script: 30000}, unhandledPromptBehavior: dismiss and notify, webauthn:virtualAuthenticators: true}
Session ID: 5e4af227d799cbb86ae55667c4c26db7
*** Element info: {Using=xpath, value=//*[@id="www-wikipedia-org"]/div[1]/div[6]}
	at cucumber.api.testng.TestNGCucumberRunner.runCucumber(TestNGCucumberRunner.java:69)
	at cucumber.api.testng.AbstractTestNGCucumberTests.feature(AbstractTestNGCucumberTests.java:21)
	at sun.reflect.NativeMethodAccessorImpl.invoke0(Native Method)
	at sun.reflect.NativeMethodAccessorImpl.invoke(Unknown Source)
	at sun.reflect.DelegatingMethodAccessorImpl.invoke(Unknown Source)
	at java.lang.reflect.Method.invoke(Unknown Source)
	at org.testng.internal.MethodInvocationHelper.invokeMethod(MethodInvocationHelper.java:86)
	at org.testng.internal.Invoker.invokeMethod(Invoker.java:643)
	at org.testng.internal.Invoker.invokeTestMethod(Invoker.java:820)
	at org.testng.internal.Invoker.invokeTestMethods(Invoker.java:1128)
	at org.testng.internal.TestMethodWorker.invokeTestMethods(TestMethodWorker.java:129)
	at org.testng.internal.TestMethodWorker.run(TestMethodWorker.java:112)
	at org.testng.TestRunner.privateRun(TestRunner.java:782)
	at org.testng.TestRunner.run(TestRunner.java:632)
	at org.testng.SuiteRunner.runTest(SuiteRunner.java:366)
	at org.testng.SuiteRunner.runSequentially(SuiteRunner.java:361)
	at org.testng.SuiteRunner.privateRun(SuiteRunner.java:319)
	at org.testng.SuiteRunner.run(SuiteRunner.java:268)
	at org.testng.SuiteRunnerWorker.runSuite(SuiteRunnerWorker.java:52)
	at org.testng.SuiteRunnerWorker.run(SuiteRunnerWorker.java:86)
	at org.testng.TestNG.runSuitesSequentially(TestNG.java:1244)
	at org.testng.TestNG.runSuitesLocally(TestNG.java:1169)
	at org.testng.TestNG.run(TestNG.java:1064)
	at org.testng.remote.AbstractRemoteTestNG.run(AbstractRemoteTestNG.java:115)
	at org.testng.remote.RemoteTestNG.initAndRun(RemoteTestNG.java:251)
	at org.testng.remote.RemoteTestNG.main(RemoteTestNG.java:77)
Caused by: org.openqa.selenium.NoSuchElementException: no such element: Unable to locate element: {"method":"xpath","selector":"//*[@id="www-wikipedia-org"]/div[1]/div[6]"}
  (Session info: chrome=85.0.4183.83)
For documentation on this error, please visit: http://seleniumhq.org/exceptions/no_such_element.html
Build info: version: '3.8.1', revision: '6e95a6684b', time: '2017-12-01T18:33:54.468Z'
System info: host: 'REV-RYANSCHLIEN', ip: '10.1.10.167', os.name: 'Windows 10', os.arch: 'amd64', os.version: '10.0', java.version: '1.8.0_241'
Driver info: org.openqa.selenium.chrome.ChromeDriver
Capabilities {acceptInsecureCerts: false, browserName: chrome, browserVersion: 85.0.4183.83, chrome: {chromedriverVersion: 84.0.4147.30 (48b3e868b4cc0..., userDataDir: C:\Users\Revature\AppData\L...}, goog:chromeOptions: {debuggerAddress: localhost:54266}, javascriptEnabled: true, networkConnectionEnabled: false, pageLoadStrategy: normal, platform: WINDOWS, platformName: WINDOWS, proxy: Proxy(), setWindowRect: true, strictFileInteractability: false, timeouts: {implicit: 0, pageLoad: 300000, script: 30000}, unhandledPromptBehavior: dismiss and notify, webauthn:virtualAuthenticators: true}
Session ID: 5e4af227d799cbb86ae55667c4c26db7
*** Element info: {Using=xpath, value=//*[@id="www-wikipedia-org"]/div[1]/div[6]}
	at sun.reflect.NativeConstructorAccessorImpl.newInstance0(Native Method)
	at sun.reflect.NativeConstructorAccessorImpl.newInstance(Unknown Source)
	at sun.reflect.DelegatingConstructorAccessorImpl.newInstance(Unknown Source)
	at java.lang.reflect.Constructor.newInstance(Unknown Source)
	at org.openqa.selenium.remote.http.W3CHttpResponseCodec.createException(W3CHttpResponseCodec.java:187)
	at org.openqa.selenium.remote.http.W3CHttpResponseCodec.decode(W3CHttpResponseCodec.java:122)
	at org.openqa.selenium.remote.http.W3CHttpResponseCodec.decode(W3CHttpResponseCodec.java:49)
	at org.openqa.selenium.remote.HttpCommandExecutor.execute(HttpCommandExecutor.java:164)
	at org.openqa.selenium.remote.service.DriverCommandExecutor.execute(DriverCommandExecutor.java:83)
	at org.openqa.selenium.remote.RemoteWebDriver.execute(RemoteWebDriver.java:601)
	at org.openqa.selenium.remote.RemoteWebDriver.findElement(RemoteWebDriver.java:371)
	at org.openqa.selenium.remote.RemoteWebDriver.findElementByXPath(RemoteWebDriver.java:473)
	at org.openqa.selenium.By$ByXPath.findElement(By.java:361)
	at org.openqa.selenium.remote.RemoteWebDriver.findElement(RemoteWebDriver.java:363)
	at com.revature.pages.WikiMain2.getFrench(WikiMain2.java:28)
	at com.revature.behaviortests.WikiLangStepImpl.i_click_on_French(WikiLangStepImpl.java:43)
	at âœ½.When I click on French(src/test/resources/WikiLang.feature:13)
]]>
            </full-stacktrace>
          </exception> <!-- cucumber.runtime.CucumberException -->
          <reporter-output>
          </reporter-output>
        </test-method> <!-- feature -->
        <test-method status="PASS" signature="feature(cucumber.api.testng.CucumberFeatureWrapper)[pri:0, instance:com.revature.behaviortests.TestRunner@39c0f4a]" name="feature" duration-ms="13404" started-at="2020-09-02T12:21:22Z" description="Runs Cucumber Feature" data-provider="features" finished-at="2020-09-02T12:21:35Z">
          <params>
            <param index="0">
              <value>
                <![CDATA[Searching of Wikipedia]]>
              </value>
            </param>
          </params>
          <reporter-output>
          </reporter-output>
        </test-method> <!-- feature -->
        <test-method status="PASS" signature="tearDownClass()[pri:0, instance:com.revature.behaviortests.TestRunner@39c0f4a]" name="tearDownClass" is-config="true" duration-ms="5" started-at="2020-09-02T12:21:35Z" finished-at="2020-09-02T12:21:35Z">
          <reporter-output>
          </reporter-output>
        </test-method> <!-- tearDownClass -->
      </class> <!-- com.revature.behaviortests.TestRunner -->
    </test> <!-- Cucumber Tests -->
  </suite> <!-- Wiki Main Page Tests -->
</testng-results>
